16:14:11.706 INFO  manager.ApplicationManager - All tests run in Chrome browser
16:14:12.399 INFO  manager.ApplicationManager - The link----->https://telranedu.web.app/home
16:14:12.547 INFO  tests.TestBase - Name of method----->removeFirstContact
16:14:12.556 INFO  manager.ListenerWD - before find element: By.xpath: //*[text()='Sign Out']
16:14:17.656 INFO  manager.ListenerWD - element found success: By.xpath: //*[text()='Sign Out']
16:14:17.657 INFO  manager.ListenerWD - before find element: By.xpath: //a[text()='LOGIN']
16:14:17.692 INFO  manager.ListenerWD - element found success: By.xpath: //a[text()='LOGIN']
16:14:17.707 INFO  manager.ListenerWD - start method click on:[[ChromeDriver: chrome on WINDOWS (ef45e9ca273f474d093ba107b3b363c1)] -> xpath: //a[text()='LOGIN']]
16:14:17.805 INFO  manager.ListenerWD - done method click on: [[ChromeDriver: chrome on WINDOWS (ef45e9ca273f474d093ba107b3b363c1)] -> xpath: //a[text()='LOGIN']]
16:14:17.806 INFO  manager.ListenerWD - before find element: By.cssSelector: input[placeholder='Email']
16:14:17.843 INFO  manager.ListenerWD - element found success: By.cssSelector: input[placeholder='Email']
16:14:17.843 INFO  manager.ListenerWD - start method click on:[[ChromeDriver: chrome on WINDOWS (ef45e9ca273f474d093ba107b3b363c1)] -> css selector: input[placeholder='Email']]
16:14:17.921 INFO  manager.ListenerWD - done method click on: [[ChromeDriver: chrome on WINDOWS (ef45e9ca273f474d093ba107b3b363c1)] -> css selector: input[placeholder='Email']]
16:14:18.152 INFO  manager.ListenerWD - before find element: By.xpath: //input[@placeholder='Password']
16:14:18.172 INFO  manager.ListenerWD - element found success: By.xpath: //input[@placeholder='Password']
16:14:18.172 INFO  manager.ListenerWD - start method click on:[[ChromeDriver: chrome on WINDOWS (ef45e9ca273f474d093ba107b3b363c1)] -> xpath: //input[@placeholder='Password']]
16:14:18.232 INFO  manager.ListenerWD - done method click on: [[ChromeDriver: chrome on WINDOWS (ef45e9ca273f474d093ba107b3b363c1)] -> xpath: //input[@placeholder='Password']]
16:14:18.390 INFO  manager.ListenerWD - before find element: By.xpath: //button[text()='Login']
16:14:18.409 INFO  manager.ListenerWD - element found success: By.xpath: //button[text()='Login']
16:14:18.410 INFO  manager.ListenerWD - start method click on:[[ChromeDriver: chrome on WINDOWS (ef45e9ca273f474d093ba107b3b363c1)] -> xpath: //button[text()='Login']]
16:14:18.473 INFO  manager.ListenerWD - done method click on: [[ChromeDriver: chrome on WINDOWS (ef45e9ca273f474d093ba107b3b363c1)] -> xpath: //button[text()='Login']]
16:14:18.474 INFO  tests.TestBase - before method need log in
16:14:18.474 INFO  manager.ListenerWD - before find element: By.cssSelector: .contact-item_card__2SOIM
16:14:23.519 INFO  manager.ListenerWD - element found success: By.cssSelector: .contact-item_card__2SOIM
16:14:23.544 INFO  manager.ListenerWD - before find element: By.cssSelector: a[href='/add']
16:14:23.581 INFO  manager.ListenerWD - element found success: By.cssSelector: a[href='/add']
16:14:23.581 INFO  manager.ListenerWD - start method click on:[[ChromeDriver: chrome on WINDOWS (ef45e9ca273f474d093ba107b3b363c1)] -> css selector: a[href='/add']]
16:14:23.662 INFO  manager.ListenerWD - done method click on: [[ChromeDriver: chrome on WINDOWS (ef45e9ca273f474d093ba107b3b363c1)] -> css selector: a[href='/add']]
16:14:23.663 INFO  manager.ListenerWD - before find element: By.cssSelector: [placeholder='Name']
16:14:23.691 INFO  manager.ListenerWD - element found success: By.cssSelector: [placeholder='Name']
16:14:23.692 INFO  manager.ListenerWD - start method click on:[[ChromeDriver: chrome on WINDOWS (ef45e9ca273f474d093ba107b3b363c1)] -> css selector: [placeholder='Name']]
16:14:23.757 INFO  manager.ListenerWD - done method click on: [[ChromeDriver: chrome on WINDOWS (ef45e9ca273f474d093ba107b3b363c1)] -> css selector: [placeholder='Name']]
16:14:23.914 INFO  manager.ListenerWD - before find element: By.cssSelector: [placeholder='Last Name']
16:14:23.936 INFO  manager.ListenerWD - element found success: By.cssSelector: [placeholder='Last Name']
16:14:23.937 INFO  manager.ListenerWD - start method click on:[[ChromeDriver: chrome on WINDOWS (ef45e9ca273f474d093ba107b3b363c1)] -> css selector: [placeholder='Last Name']]
16:14:23.997 INFO  manager.ListenerWD - done method click on: [[ChromeDriver: chrome on WINDOWS (ef45e9ca273f474d093ba107b3b363c1)] -> css selector: [placeholder='Last Name']]
16:14:24.164 INFO  manager.ListenerWD - before find element: By.cssSelector: [placeholder='Phone']
16:14:24.190 INFO  manager.ListenerWD - element found success: By.cssSelector: [placeholder='Phone']
16:14:24.190 INFO  manager.ListenerWD - start method click on:[[ChromeDriver: chrome on WINDOWS (ef45e9ca273f474d093ba107b3b363c1)] -> css selector: [placeholder='Phone']]
16:14:24.245 INFO  manager.ListenerWD - done method click on: [[ChromeDriver: chrome on WINDOWS (ef45e9ca273f474d093ba107b3b363c1)] -> css selector: [placeholder='Phone']]
16:14:24.406 INFO  manager.ListenerWD - before find element: By.cssSelector: [placeholder='email']
16:14:24.441 INFO  manager.ListenerWD - element found success: By.cssSelector: [placeholder='email']
16:14:24.442 INFO  manager.ListenerWD - start method click on:[[ChromeDriver: chrome on WINDOWS (ef45e9ca273f474d093ba107b3b363c1)] -> css selector: [placeholder='email']]
16:14:24.503 INFO  manager.ListenerWD - done method click on: [[ChromeDriver: chrome on WINDOWS (ef45e9ca273f474d093ba107b3b363c1)] -> css selector: [placeholder='email']]
16:14:24.722 INFO  manager.ListenerWD - before find element: By.cssSelector: [placeholder='Address']
16:14:24.766 INFO  manager.ListenerWD - element found success: By.cssSelector: [placeholder='Address']
16:14:24.766 INFO  manager.ListenerWD - start method click on:[[ChromeDriver: chrome on WINDOWS (ef45e9ca273f474d093ba107b3b363c1)] -> css selector: [placeholder='Address']]
16:14:24.841 INFO  manager.ListenerWD - done method click on: [[ChromeDriver: chrome on WINDOWS (ef45e9ca273f474d093ba107b3b363c1)] -> css selector: [placeholder='Address']]
16:14:25.122 INFO  manager.ListenerWD - before find element: By.cssSelector: [placeholder='description']
16:14:25.159 INFO  manager.ListenerWD - element found success: By.cssSelector: [placeholder='description']
16:14:25.160 INFO  manager.ListenerWD - start method click on:[[ChromeDriver: chrome on WINDOWS (ef45e9ca273f474d093ba107b3b363c1)] -> css selector: [placeholder='description']]
16:14:25.238 INFO  manager.ListenerWD - done method click on: [[ChromeDriver: chrome on WINDOWS (ef45e9ca273f474d093ba107b3b363c1)] -> css selector: [placeholder='description']]
16:14:25.578 INFO  manager.ListenerWD - before find element: By.cssSelector: .add_form__2rsm2>button
16:14:25.621 INFO  manager.ListenerWD - element found success: By.cssSelector: .add_form__2rsm2>button
16:14:25.621 INFO  manager.ListenerWD - start method click on:[[ChromeDriver: chrome on WINDOWS (ef45e9ca273f474d093ba107b3b363c1)] -> css selector: .add_form__2rsm2>button]
16:14:25.716 INFO  manager.ListenerWD - done method click on: [[ChromeDriver: chrome on WINDOWS (ef45e9ca273f474d093ba107b3b363c1)] -> css selector: .add_form__2rsm2>button]
16:14:26.221 INFO  manager.ListenerWD - before find element: By.cssSelector: a[href='/add']
16:14:26.246 INFO  manager.ListenerWD - element found success: By.cssSelector: a[href='/add']
16:14:26.247 INFO  manager.ListenerWD - start method click on:[[ChromeDriver: chrome on WINDOWS (ef45e9ca273f474d093ba107b3b363c1)] -> css selector: a[href='/add']]
16:14:26.309 INFO  manager.ListenerWD - done method click on: [[ChromeDriver: chrome on WINDOWS (ef45e9ca273f474d093ba107b3b363c1)] -> css selector: a[href='/add']]
16:14:26.314 INFO  manager.ListenerWD - before find element: By.cssSelector: [placeholder='Name']
16:14:26.336 INFO  manager.ListenerWD - element found success: By.cssSelector: [placeholder='Name']
16:14:26.337 INFO  manager.ListenerWD - start method click on:[[ChromeDriver: chrome on WINDOWS (ef45e9ca273f474d093ba107b3b363c1)] -> css selector: [placeholder='Name']]
16:14:26.383 INFO  manager.ListenerWD - done method click on: [[ChromeDriver: chrome on WINDOWS (ef45e9ca273f474d093ba107b3b363c1)] -> css selector: [placeholder='Name']]
16:14:26.532 INFO  manager.ListenerWD - before find element: By.cssSelector: [placeholder='Last Name']
16:14:26.546 INFO  manager.ListenerWD - element found success: By.cssSelector: [placeholder='Last Name']
16:14:26.547 INFO  manager.ListenerWD - start method click on:[[ChromeDriver: chrome on WINDOWS (ef45e9ca273f474d093ba107b3b363c1)] -> css selector: [placeholder='Last Name']]
16:14:26.588 INFO  manager.ListenerWD - done method click on: [[ChromeDriver: chrome on WINDOWS (ef45e9ca273f474d093ba107b3b363c1)] -> css selector: [placeholder='Last Name']]
16:14:26.730 INFO  manager.ListenerWD - before find element: By.cssSelector: [placeholder='Phone']
16:14:26.750 INFO  manager.ListenerWD - element found success: By.cssSelector: [placeholder='Phone']
16:14:26.752 INFO  manager.ListenerWD - start method click on:[[ChromeDriver: chrome on WINDOWS (ef45e9ca273f474d093ba107b3b363c1)] -> css selector: [placeholder='Phone']]
16:14:26.797 INFO  manager.ListenerWD - done method click on: [[ChromeDriver: chrome on WINDOWS (ef45e9ca273f474d093ba107b3b363c1)] -> css selector: [placeholder='Phone']]
16:14:26.959 INFO  manager.ListenerWD - before find element: By.cssSelector: [placeholder='email']
16:14:26.972 INFO  manager.ListenerWD - element found success: By.cssSelector: [placeholder='email']
16:14:26.972 INFO  manager.ListenerWD - start method click on:[[ChromeDriver: chrome on WINDOWS (ef45e9ca273f474d093ba107b3b363c1)] -> css selector: [placeholder='email']]
16:14:27.015 INFO  manager.ListenerWD - done method click on: [[ChromeDriver: chrome on WINDOWS (ef45e9ca273f474d093ba107b3b363c1)] -> css selector: [placeholder='email']]
16:14:27.192 INFO  manager.ListenerWD - before find element: By.cssSelector: [placeholder='Address']
16:14:27.206 INFO  manager.ListenerWD - element found success: By.cssSelector: [placeholder='Address']
16:14:27.207 INFO  manager.ListenerWD - start method click on:[[ChromeDriver: chrome on WINDOWS (ef45e9ca273f474d093ba107b3b363c1)] -> css selector: [placeholder='Address']]
16:14:27.250 INFO  manager.ListenerWD - done method click on: [[ChromeDriver: chrome on WINDOWS (ef45e9ca273f474d093ba107b3b363c1)] -> css selector: [placeholder='Address']]
16:14:27.409 INFO  manager.ListenerWD - before find element: By.cssSelector: [placeholder='description']
16:14:27.428 INFO  manager.ListenerWD - element found success: By.cssSelector: [placeholder='description']
16:14:27.429 INFO  manager.ListenerWD - start method click on:[[ChromeDriver: chrome on WINDOWS (ef45e9ca273f474d093ba107b3b363c1)] -> css selector: [placeholder='description']]
16:14:27.472 INFO  manager.ListenerWD - done method click on: [[ChromeDriver: chrome on WINDOWS (ef45e9ca273f474d093ba107b3b363c1)] -> css selector: [placeholder='description']]
16:14:27.642 INFO  manager.ListenerWD - before find element: By.cssSelector: .add_form__2rsm2>button
16:14:27.667 INFO  manager.ListenerWD - element found success: By.cssSelector: .add_form__2rsm2>button
16:14:27.667 INFO  manager.ListenerWD - start method click on:[[ChromeDriver: chrome on WINDOWS (ef45e9ca273f474d093ba107b3b363c1)] -> css selector: .add_form__2rsm2>button]
16:14:27.703 INFO  manager.ListenerWD - done method click on: [[ChromeDriver: chrome on WINDOWS (ef45e9ca273f474d093ba107b3b363c1)] -> css selector: .add_form__2rsm2>button]
16:14:28.204 INFO  manager.ListenerWD - before find element: By.cssSelector: a[href='/add']
16:14:28.249 INFO  manager.ListenerWD - element found success: By.cssSelector: a[href='/add']
16:14:28.251 INFO  manager.ListenerWD - start method click on:[[ChromeDriver: chrome on WINDOWS (ef45e9ca273f474d093ba107b3b363c1)] -> css selector: a[href='/add']]
16:14:28.335 INFO  manager.ListenerWD - done method click on: [[ChromeDriver: chrome on WINDOWS (ef45e9ca273f474d093ba107b3b363c1)] -> css selector: a[href='/add']]
16:14:28.336 INFO  manager.ListenerWD - before find element: By.cssSelector: [placeholder='Name']
16:14:28.354 INFO  manager.ListenerWD - element found success: By.cssSelector: [placeholder='Name']
16:14:28.355 INFO  manager.ListenerWD - start method click on:[[ChromeDriver: chrome on WINDOWS (ef45e9ca273f474d093ba107b3b363c1)] -> css selector: [placeholder='Name']]
16:14:28.400 INFO  manager.ListenerWD - done method click on: [[ChromeDriver: chrome on WINDOWS (ef45e9ca273f474d093ba107b3b363c1)] -> css selector: [placeholder='Name']]
16:14:28.549 INFO  manager.ListenerWD - before find element: By.cssSelector: [placeholder='Last Name']
16:14:28.562 INFO  manager.ListenerWD - element found success: By.cssSelector: [placeholder='Last Name']
16:14:28.563 INFO  manager.ListenerWD - start method click on:[[ChromeDriver: chrome on WINDOWS (ef45e9ca273f474d093ba107b3b363c1)] -> css selector: [placeholder='Last Name']]
16:14:28.603 INFO  manager.ListenerWD - done method click on: [[ChromeDriver: chrome on WINDOWS (ef45e9ca273f474d093ba107b3b363c1)] -> css selector: [placeholder='Last Name']]
16:14:28.803 INFO  manager.ListenerWD - before find element: By.cssSelector: [placeholder='Phone']
16:14:28.818 INFO  manager.ListenerWD - element found success: By.cssSelector: [placeholder='Phone']
16:14:28.818 INFO  manager.ListenerWD - start method click on:[[ChromeDriver: chrome on WINDOWS (ef45e9ca273f474d093ba107b3b363c1)] -> css selector: [placeholder='Phone']]
16:14:28.870 INFO  manager.ListenerWD - done method click on: [[ChromeDriver: chrome on WINDOWS (ef45e9ca273f474d093ba107b3b363c1)] -> css selector: [placeholder='Phone']]
16:14:29.023 INFO  manager.ListenerWD - before find element: By.cssSelector: [placeholder='email']
16:14:29.036 INFO  manager.ListenerWD - element found success: By.cssSelector: [placeholder='email']
16:14:29.037 INFO  manager.ListenerWD - start method click on:[[ChromeDriver: chrome on WINDOWS (ef45e9ca273f474d093ba107b3b363c1)] -> css selector: [placeholder='email']]
16:14:29.077 INFO  manager.ListenerWD - done method click on: [[ChromeDriver: chrome on WINDOWS (ef45e9ca273f474d093ba107b3b363c1)] -> css selector: [placeholder='email']]
16:14:29.241 INFO  manager.ListenerWD - before find element: By.cssSelector: [placeholder='Address']
16:14:29.258 INFO  manager.ListenerWD - element found success: By.cssSelector: [placeholder='Address']
16:14:29.258 INFO  manager.ListenerWD - start method click on:[[ChromeDriver: chrome on WINDOWS (ef45e9ca273f474d093ba107b3b363c1)] -> css selector: [placeholder='Address']]
16:14:29.299 INFO  manager.ListenerWD - done method click on: [[ChromeDriver: chrome on WINDOWS (ef45e9ca273f474d093ba107b3b363c1)] -> css selector: [placeholder='Address']]
16:14:29.446 INFO  manager.ListenerWD - before find element: By.cssSelector: [placeholder='description']
16:14:29.463 INFO  manager.ListenerWD - element found success: By.cssSelector: [placeholder='description']
16:14:29.464 INFO  manager.ListenerWD - start method click on:[[ChromeDriver: chrome on WINDOWS (ef45e9ca273f474d093ba107b3b363c1)] -> css selector: [placeholder='description']]
16:14:29.506 INFO  manager.ListenerWD - done method click on: [[ChromeDriver: chrome on WINDOWS (ef45e9ca273f474d093ba107b3b363c1)] -> css selector: [placeholder='description']]
16:14:29.647 INFO  manager.ListenerWD - before find element: By.cssSelector: .add_form__2rsm2>button
16:14:29.668 INFO  manager.ListenerWD - element found success: By.cssSelector: .add_form__2rsm2>button
16:14:29.669 INFO  manager.ListenerWD - start method click on:[[ChromeDriver: chrome on WINDOWS (ef45e9ca273f474d093ba107b3b363c1)] -> css selector: .add_form__2rsm2>button]
16:14:29.706 INFO  manager.ListenerWD - done method click on: [[ChromeDriver: chrome on WINDOWS (ef45e9ca273f474d093ba107b3b363c1)] -> css selector: .add_form__2rsm2>button]
16:14:30.214 INFO  manager.ListenerWD - before find element: By.cssSelector: .contact-item_card__2SOIM
16:14:30.258 INFO  manager.ListenerWD - element found success: By.cssSelector: .contact-item_card__2SOIM
16:14:30.260 INFO  manager.HelperBase - Number of Contacts before remove is --->3
16:14:30.261 INFO  manager.ListenerWD - before find element: By.cssSelector: .contact-item_card__2SOIM
16:14:30.316 INFO  manager.ListenerWD - element found success: By.cssSelector: .contact-item_card__2SOIM
16:14:30.317 INFO  manager.ListenerWD - start method click on:[[ChromeDriver: chrome on WINDOWS (ef45e9ca273f474d093ba107b3b363c1)] -> css selector: .contact-item_card__2SOIM]
16:14:30.372 INFO  manager.ListenerWD - done method click on: [[ChromeDriver: chrome on WINDOWS (ef45e9ca273f474d093ba107b3b363c1)] -> css selector: .contact-item_card__2SOIM]
16:14:30.373 INFO  manager.ListenerWD - before find element: By.xpath: //button[text()='Remove']
16:14:30.407 INFO  manager.ListenerWD - element found success: By.xpath: //button[text()='Remove']
16:14:30.407 INFO  manager.ListenerWD - start method click on:[[ChromeDriver: chrome on WINDOWS (ef45e9ca273f474d093ba107b3b363c1)] -> xpath: //button[text()='Remove']]
16:14:30.457 INFO  manager.ListenerWD - done method click on: [[ChromeDriver: chrome on WINDOWS (ef45e9ca273f474d093ba107b3b363c1)] -> xpath: //button[text()='Remove']]
16:14:31.466 INFO  manager.ListenerWD - before find element: By.cssSelector: .contact-item_card__2SOIM
16:14:31.510 INFO  manager.ListenerWD - element found success: By.cssSelector: .contact-item_card__2SOIM
16:14:31.512 INFO  manager.HelperBase - Number of Contacts after remove is --->2
