16:13:41.290 INFO  manager.ApplicationManager - All tests run in Chrome browser
16:13:42.038 INFO  manager.ApplicationManager - The link----->https://telranedu.web.app/home
16:13:42.168 INFO  tests.TestBase - Name of method----->removeAllContacts
16:13:42.183 INFO  manager.ListenerWD - before find element: By.xpath: //*[text()='Sign Out']
16:13:47.259 INFO  manager.ListenerWD - element found success: By.xpath: //*[text()='Sign Out']
16:13:47.262 INFO  manager.ListenerWD - before find element: By.xpath: //a[text()='LOGIN']
16:13:47.301 INFO  manager.ListenerWD - element found success: By.xpath: //a[text()='LOGIN']
16:13:47.315 INFO  manager.ListenerWD - start method click on:[[ChromeDriver: chrome on WINDOWS (879e5bd873d8c2abb0ae78b12b3f9c47)] -> xpath: //a[text()='LOGIN']]
16:13:47.403 INFO  manager.ListenerWD - done method click on: [[ChromeDriver: chrome on WINDOWS (879e5bd873d8c2abb0ae78b12b3f9c47)] -> xpath: //a[text()='LOGIN']]
16:13:47.403 INFO  manager.ListenerWD - before find element: By.cssSelector: input[placeholder='Email']
16:13:47.433 INFO  manager.ListenerWD - element found success: By.cssSelector: input[placeholder='Email']
16:13:47.433 INFO  manager.ListenerWD - start method click on:[[ChromeDriver: chrome on WINDOWS (879e5bd873d8c2abb0ae78b12b3f9c47)] -> css selector: input[placeholder='Email']]
16:13:47.515 INFO  manager.ListenerWD - done method click on: [[ChromeDriver: chrome on WINDOWS (879e5bd873d8c2abb0ae78b12b3f9c47)] -> css selector: input[placeholder='Email']]
16:13:47.737 INFO  manager.ListenerWD - before find element: By.xpath: //input[@placeholder='Password']
16:13:47.765 INFO  manager.ListenerWD - element found success: By.xpath: //input[@placeholder='Password']
16:13:47.766 INFO  manager.ListenerWD - start method click on:[[ChromeDriver: chrome on WINDOWS (879e5bd873d8c2abb0ae78b12b3f9c47)] -> xpath: //input[@placeholder='Password']]
16:13:47.819 INFO  manager.ListenerWD - done method click on: [[ChromeDriver: chrome on WINDOWS (879e5bd873d8c2abb0ae78b12b3f9c47)] -> xpath: //input[@placeholder='Password']]
16:13:47.972 INFO  manager.ListenerWD - before find element: By.xpath: //button[text()='Login']
16:13:47.996 INFO  manager.ListenerWD - element found success: By.xpath: //button[text()='Login']
16:13:47.997 INFO  manager.ListenerWD - start method click on:[[ChromeDriver: chrome on WINDOWS (879e5bd873d8c2abb0ae78b12b3f9c47)] -> xpath: //button[text()='Login']]
16:13:48.059 INFO  manager.ListenerWD - done method click on: [[ChromeDriver: chrome on WINDOWS (879e5bd873d8c2abb0ae78b12b3f9c47)] -> xpath: //button[text()='Login']]
16:13:48.059 INFO  tests.TestBase - before method need log in
16:13:48.060 INFO  manager.ListenerWD - before find element: By.cssSelector: .contact-item_card__2SOIM
16:13:49.386 INFO  manager.ListenerWD - element found success: By.cssSelector: .contact-item_card__2SOIM
16:13:49.390 INFO  manager.ListenerWD - before find element: By.cssSelector: .contact-item_card__2SOIM
16:13:49.410 INFO  manager.ListenerWD - element found success: By.cssSelector: .contact-item_card__2SOIM
16:13:49.412 INFO  manager.ListenerWD - before find element: By.cssSelector: .contact-item_card__2SOIM
16:13:49.443 INFO  manager.ListenerWD - element found success: By.cssSelector: .contact-item_card__2SOIM
16:13:49.444 INFO  manager.ListenerWD - start method click on:[[ChromeDriver: chrome on WINDOWS (879e5bd873d8c2abb0ae78b12b3f9c47)] -> css selector: .contact-item_card__2SOIM]
16:13:49.519 INFO  manager.ListenerWD - done method click on: [[ChromeDriver: chrome on WINDOWS (879e5bd873d8c2abb0ae78b12b3f9c47)] -> css selector: .contact-item_card__2SOIM]
16:13:49.519 INFO  manager.ListenerWD - before find element: By.xpath: //button[text()='Remove']
16:13:49.557 INFO  manager.ListenerWD - element found success: By.xpath: //button[text()='Remove']
16:13:49.558 INFO  manager.ListenerWD - start method click on:[[ChromeDriver: chrome on WINDOWS (879e5bd873d8c2abb0ae78b12b3f9c47)] -> xpath: //button[text()='Remove']]
16:13:49.610 INFO  manager.ListenerWD - done method click on: [[ChromeDriver: chrome on WINDOWS (879e5bd873d8c2abb0ae78b12b3f9c47)] -> xpath: //button[text()='Remove']]
16:13:50.621 INFO  manager.ListenerWD - before find element: By.cssSelector: .contact-item_card__2SOIM
16:13:50.662 INFO  manager.ListenerWD - element found success: By.cssSelector: .contact-item_card__2SOIM
16:13:50.662 INFO  manager.ListenerWD - before find element: By.cssSelector: .contact-item_card__2SOIM
16:13:50.688 INFO  manager.ListenerWD - element found success: By.cssSelector: .contact-item_card__2SOIM
16:13:50.689 INFO  manager.ListenerWD - start method click on:[[ChromeDriver: chrome on WINDOWS (879e5bd873d8c2abb0ae78b12b3f9c47)] -> css selector: .contact-item_card__2SOIM]
16:13:50.736 INFO  manager.ListenerWD - done method click on: [[ChromeDriver: chrome on WINDOWS (879e5bd873d8c2abb0ae78b12b3f9c47)] -> css selector: .contact-item_card__2SOIM]
16:13:50.737 INFO  manager.ListenerWD - before find element: By.xpath: //button[text()='Remove']
16:13:50.758 INFO  manager.ListenerWD - element found success: By.xpath: //button[text()='Remove']
16:13:50.758 INFO  manager.ListenerWD - start method click on:[[ChromeDriver: chrome on WINDOWS (879e5bd873d8c2abb0ae78b12b3f9c47)] -> xpath: //button[text()='Remove']]
16:13:50.792 INFO  manager.ListenerWD - done method click on: [[ChromeDriver: chrome on WINDOWS (879e5bd873d8c2abb0ae78b12b3f9c47)] -> xpath: //button[text()='Remove']]
16:13:51.799 INFO  manager.ListenerWD - before find element: By.cssSelector: .contact-item_card__2SOIM
16:13:51.829 INFO  manager.ListenerWD - element found success: By.cssSelector: .contact-item_card__2SOIM
16:13:51.830 INFO  manager.ListenerWD - before find element: By.cssSelector: .contact-item_card__2SOIM
16:13:51.855 INFO  manager.ListenerWD - element found success: By.cssSelector: .contact-item_card__2SOIM
16:13:51.855 INFO  manager.ListenerWD - start method click on:[[ChromeDriver: chrome on WINDOWS (879e5bd873d8c2abb0ae78b12b3f9c47)] -> css selector: .contact-item_card__2SOIM]
16:13:51.923 INFO  manager.ListenerWD - done method click on: [[ChromeDriver: chrome on WINDOWS (879e5bd873d8c2abb0ae78b12b3f9c47)] -> css selector: .contact-item_card__2SOIM]
16:13:51.923 INFO  manager.ListenerWD - before find element: By.xpath: //button[text()='Remove']
16:13:51.950 INFO  manager.ListenerWD - element found success: By.xpath: //button[text()='Remove']
16:13:51.950 INFO  manager.ListenerWD - start method click on:[[ChromeDriver: chrome on WINDOWS (879e5bd873d8c2abb0ae78b12b3f9c47)] -> xpath: //button[text()='Remove']]
16:13:51.987 INFO  manager.ListenerWD - done method click on: [[ChromeDriver: chrome on WINDOWS (879e5bd873d8c2abb0ae78b12b3f9c47)] -> xpath: //button[text()='Remove']]
16:13:52.995 INFO  manager.ListenerWD - before find element: By.cssSelector: .contact-item_card__2SOIM
16:13:53.033 INFO  manager.ListenerWD - element found success: By.cssSelector: .contact-item_card__2SOIM
16:13:53.034 INFO  manager.ListenerWD - before find element: By.cssSelector: .contact-item_card__2SOIM
16:13:53.057 INFO  manager.ListenerWD - element found success: By.cssSelector: .contact-item_card__2SOIM
16:13:53.057 INFO  manager.ListenerWD - start method click on:[[ChromeDriver: chrome on WINDOWS (879e5bd873d8c2abb0ae78b12b3f9c47)] -> css selector: .contact-item_card__2SOIM]
16:13:53.109 INFO  manager.ListenerWD - done method click on: [[ChromeDriver: chrome on WINDOWS (879e5bd873d8c2abb0ae78b12b3f9c47)] -> css selector: .contact-item_card__2SOIM]
16:13:53.109 INFO  manager.ListenerWD - before find element: By.xpath: //button[text()='Remove']
16:13:53.129 INFO  manager.ListenerWD - element found success: By.xpath: //button[text()='Remove']
16:13:53.130 INFO  manager.ListenerWD - start method click on:[[ChromeDriver: chrome on WINDOWS (879e5bd873d8c2abb0ae78b12b3f9c47)] -> xpath: //button[text()='Remove']]
16:13:53.165 INFO  manager.ListenerWD - done method click on: [[ChromeDriver: chrome on WINDOWS (879e5bd873d8c2abb0ae78b12b3f9c47)] -> xpath: //button[text()='Remove']]
16:13:54.167 INFO  manager.ListenerWD - before find element: By.cssSelector: .contact-item_card__2SOIM
16:13:54.193 INFO  manager.ListenerWD - element found success: By.cssSelector: .contact-item_card__2SOIM
16:13:54.193 INFO  manager.ListenerWD - before find element: By.cssSelector: .contact-item_card__2SOIM
16:13:54.210 INFO  manager.ListenerWD - element found success: By.cssSelector: .contact-item_card__2SOIM
16:13:54.210 INFO  manager.ListenerWD - start method click on:[[ChromeDriver: chrome on WINDOWS (879e5bd873d8c2abb0ae78b12b3f9c47)] -> css selector: .contact-item_card__2SOIM]
16:13:54.273 INFO  manager.ListenerWD - done method click on: [[ChromeDriver: chrome on WINDOWS (879e5bd873d8c2abb0ae78b12b3f9c47)] -> css selector: .contact-item_card__2SOIM]
16:13:54.274 INFO  manager.ListenerWD - before find element: By.xpath: //button[text()='Remove']
16:13:54.308 INFO  manager.ListenerWD - element found success: By.xpath: //button[text()='Remove']
16:13:54.309 INFO  manager.ListenerWD - start method click on:[[ChromeDriver: chrome on WINDOWS (879e5bd873d8c2abb0ae78b12b3f9c47)] -> xpath: //button[text()='Remove']]
16:13:54.368 INFO  manager.ListenerWD - done method click on: [[ChromeDriver: chrome on WINDOWS (879e5bd873d8c2abb0ae78b12b3f9c47)] -> xpath: //button[text()='Remove']]
16:13:55.371 INFO  manager.ListenerWD - before find element: By.cssSelector: .contact-item_card__2SOIM
16:13:55.399 INFO  manager.ListenerWD - element found success: By.cssSelector: .contact-item_card__2SOIM
16:13:55.400 INFO  manager.ListenerWD - before find element: By.cssSelector: .contact-item_card__2SOIM
16:13:55.411 INFO  manager.ListenerWD - element found success: By.cssSelector: .contact-item_card__2SOIM
16:13:55.411 INFO  manager.ListenerWD - start method click on:[[ChromeDriver: chrome on WINDOWS (879e5bd873d8c2abb0ae78b12b3f9c47)] -> css selector: .contact-item_card__2SOIM]
16:13:55.463 INFO  manager.ListenerWD - done method click on: [[ChromeDriver: chrome on WINDOWS (879e5bd873d8c2abb0ae78b12b3f9c47)] -> css selector: .contact-item_card__2SOIM]
16:13:55.463 INFO  manager.ListenerWD - before find element: By.xpath: //button[text()='Remove']
16:13:55.493 INFO  manager.ListenerWD - element found success: By.xpath: //button[text()='Remove']
16:13:55.494 INFO  manager.ListenerWD - start method click on:[[ChromeDriver: chrome on WINDOWS (879e5bd873d8c2abb0ae78b12b3f9c47)] -> xpath: //button[text()='Remove']]
16:13:55.546 INFO  manager.ListenerWD - done method click on: [[ChromeDriver: chrome on WINDOWS (879e5bd873d8c2abb0ae78b12b3f9c47)] -> xpath: //button[text()='Remove']]
16:13:56.559 INFO  manager.ListenerWD - before find element: By.cssSelector: .contact-item_card__2SOIM
16:14:01.602 INFO  manager.ListenerWD - element found success: By.cssSelector: .contact-item_card__2SOIM
16:14:01.615 INFO  manager.ListenerWD - before find element: By.cssSelector: .contact-page_message__2qafk>h1
16:14:01.666 INFO  manager.ListenerWD - element found success: By.cssSelector: .contact-page_message__2qafk>h1
16:14:01.698 INFO  manager.ListenerWD - get text from th element with text: No Contacts here!
16:14:01.718 INFO  manager.ListenerWD - got the text successful: No Contacts here!
